help.are
scbg.are
midgaard.are
kavir.are
midennir.are
sunyata.are
eoeasy.are
eohard.are
limbo.are
shire.are
chapel.are
school.are
canyon.are
quest.are
Vallanda.are
arena.are
hell.are
heaven.are
classeq.are
domeship.are
disney.are
classhq.are
willaz1.are
workshop.are
tempoffo.are
archon.are
jinnai.are
insanity.are
archdale.are
alienhom.are
qutarea.are
pathfiel.are
hallsofv.are
buffy.are
anlaeq.are
crystal.are
dune.are
death.are
wrldpain.are
king1.are
king2.are
king3.are
king4.are
king5.are
king6.are
area107.are
area108.are
playhome.are
raziel.are
dragoneq.are
mageknig.are
kingdms.are
tfear.are
immquest.are
thonor.are
newbie.are
wizardeq.are
area69.are
neweq.are
dice2.are
area71.are
area72.are
unchwat.are
gauntlet.are
area80.are
fates.are
shadow.are
bc.are
trent.are
fallout.are
artifsal.are
casino.are
starwars.are
testarea.are
$
